----------------------------------------------------------------
Sun Apr 02 18:45:41 EDT 2017:
Booting Derby version The Apache Software Foundation - Apache Derby - 10.11.1.2 - (1629631): instance a816c00e-015b-30d8-6d5c-00000d25d290 
on database directory C:\Users\Jason\Desktop\Iteration1\database\DB with class loader sun.misc.Launcher$AppClassLoader@135fbaa4 
Loaded from file:/C:/Users/Jason/Desktop/Iteration1/lib/derby.jar
java.vendor=Oracle Corporation
java.runtime.version=1.8.0_121-b13
user.dir=C:\Users\Jason\Desktop\Iteration1
os.name=Windows 10
os.arch=amd64
os.version=10.0
derby.system.home=null
Database Class Loader started - derby.database.classpath=''
Sun Apr 02 18:45:42 EDT 2017 Thread[JavaFX Application Thread,5,main] (XID = 262), (SESSIONID = 1), (DATABASE = database/DB), (DRDAID = null), Cleanup action starting
Sun Apr 02 18:45:42 EDT 2017 Thread[JavaFX Application Thread,5,main] (XID = 262), (SESSIONID = 1), (DATABASE = database/DB), (DRDAID = null), Failed Statement is: SELECT * FROM USERS WHERE email=(?)
ERROR XSDB2: Unknown container format at container null : 0
	at org.apache.derby.iapi.error.StandardException.newException(Unknown Source)
	at org.apache.derby.iapi.error.StandardException.newException(Unknown Source)
	at org.apache.derby.impl.store.raw.data.FileContainer.readHeaderFromArray(Unknown Source)
	at org.apache.derby.impl.store.raw.data.FileContainer.readHeader(Unknown Source)
	at org.apache.derby.impl.store.raw.data.RAFContainer.run(Unknown Source)
	at java.security.AccessController.doPrivileged(Native Method)
	at org.apache.derby.impl.store.raw.data.RAFContainer.openContainer(Unknown Source)
	at org.apache.derby.impl.store.raw.data.RAFContainer4.openContainer(Unknown Source)
	at org.apache.derby.impl.store.raw.data.FileContainer.setIdent(Unknown Source)
	at org.apache.derby.impl.store.raw.data.FileContainer.setIdentity(Unknown Source)
	at org.apache.derby.impl.services.cache.ConcurrentCache.find(Unknown Source)
	at org.apache.derby.impl.store.raw.data.BaseDataFileFactory.openContainer(Unknown Source)
	at org.apache.derby.impl.store.raw.data.BaseDataFileFactory.openContainer(Unknown Source)
	at org.apache.derby.impl.store.raw.xact.Xact.openContainer(Unknown Source)
	at org.apache.derby.impl.store.access.heap.HeapConglomerateFactory.readConglomerate(Unknown Source)
	at org.apache.derby.impl.store.access.CacheableConglomerate.setIdentity(Unknown Source)
	at org.apache.derby.impl.services.cache.ConcurrentCache.find(Unknown Source)
	at org.apache.derby.impl.store.access.RAMAccessManager.conglomCacheFind(Unknown Source)
	at org.apache.derby.impl.store.access.RAMTransaction.findConglomerate(Unknown Source)
	at org.apache.derby.impl.store.access.RAMTransaction.findExistingConglomerate(Unknown Source)
	at org.apache.derby.impl.store.access.RAMTransaction.openConglomerate(Unknown Source)
	at org.apache.derby.impl.sql.catalog.DataDictionaryImpl.getConstraintDescriptorViaIndex(Unknown Source)
	at org.apache.derby.impl.sql.catalog.DataDictionaryImpl.getConstraintDescriptorsScan(Unknown Source)
	at org.apache.derby.impl.sql.catalog.DataDictionaryImpl.getConstraintDescriptors(Unknown Source)
	at org.apache.derby.impl.sql.catalog.DataDictionaryImpl.getConstraintDescriptor(Unknown Source)
	at org.apache.derby.impl.sql.compile.AccessPathImpl.initializeAccessPathName(Unknown Source)
	at org.apache.derby.impl.sql.compile.FromTable.rememberAsBest(Unknown Source)
	at org.apache.derby.impl.sql.compile.ProjectRestrictNode.rememberAsBest(Unknown Source)
	at org.apache.derby.impl.sql.compile.OptimizerImpl.rememberBestCost(Unknown Source)
	at org.apache.derby.impl.sql.compile.OptimizerImpl.getNextDecoratedPermutation(Unknown Source)
	at org.apache.derby.impl.sql.compile.SelectNode.optimize(Unknown Source)
	at org.apache.derby.impl.sql.compile.DMLStatementNode.optimizeStatement(Unknown Source)
	at org.apache.derby.impl.sql.compile.CursorNode.optimizeStatement(Unknown Source)
	at org.apache.derby.impl.sql.GenericStatement.prepMinion(Unknown Source)
	at org.apache.derby.impl.sql.GenericStatement.prepare(Unknown Source)
	at org.apache.derby.impl.sql.conn.GenericLanguageConnectionContext.prepareInternalStatement(Unknown Source)
	at org.apache.derby.impl.jdbc.EmbedPreparedStatement.<init>(Unknown Source)
	at org.apache.derby.impl.jdbc.EmbedPreparedStatement42.<init>(Unknown Source)
	at org.apache.derby.jdbc.Driver42.newEmbedPreparedStatement(Unknown Source)
	at org.apache.derby.impl.jdbc.EmbedConnection.prepareStatement(Unknown Source)
	at org.apache.derby.impl.jdbc.EmbedConnection.prepareStatement(Unknown Source)
	at com.slackers.inc.database.DerbyConnection.getEntity(DerbyConnection.java:329)
	at com.slackers.inc.Controllers.AccountController.verifyCredentials(AccountController.java:37)
	at com.slackers.inc.Controllers.AccountController.loginUser(AccountController.java:48)
	at com.slackers.inc.Boundary.BoundaryControllers.MainController.initialize(MainController.java:65)
	at javafx.fxml.FXMLLoader.loadImpl(FXMLLoader.java:2548)
	at javafx.fxml.FXMLLoader.loadImpl(FXMLLoader.java:2441)
	at javafx.fxml.FXMLLoader.loadImpl(FXMLLoader.java:3214)
	at javafx.fxml.FXMLLoader.loadImpl(FXMLLoader.java:3175)
	at javafx.fxml.FXMLLoader.loadImpl(FXMLLoader.java:3148)
	at javafx.fxml.FXMLLoader.loadImpl(FXMLLoader.java:3124)
	at javafx.fxml.FXMLLoader.loadImpl(FXMLLoader.java:3104)
	at javafx.fxml.FXMLLoader.load(FXMLLoader.java:3097)
	at com.slackers.inc.Boundary.Main.start(Main.java:17)
	at com.sun.javafx.application.LauncherImpl.lambda$launchApplication1$162(LauncherImpl.java:863)
	at com.sun.javafx.application.PlatformImpl.lambda$runAndWait$175(PlatformImpl.java:326)
	at com.sun.javafx.application.PlatformImpl.lambda$null$173(PlatformImpl.java:295)
	at java.security.AccessController.doPrivileged(Native Method)
	at com.sun.javafx.application.PlatformImpl.lambda$runLater$174(PlatformImpl.java:294)
	at com.sun.glass.ui.InvokeLaterDispatcher$Future.run(InvokeLaterDispatcher.java:95)
	at com.sun.glass.ui.win.WinApplication._runLoop(Native Method)
	at com.sun.glass.ui.win.WinApplication.lambda$null$148(WinApplication.java:191)
	at java.lang.Thread.run(Thread.java:745)
----------------------------------------------------------------
Sun Apr 02 18:45:42 EDT 2017:
Shutting down instance a816c00e-015b-30d8-6d5c-00000d25d290 on database directory C:\Users\Jason\Desktop\Iteration1\database\DB with class loader sun.misc.Launcher$AppClassLoader@135fbaa4 
---------------
Stack traces for all live threads:
Thread name=QuantumRenderer-0 id=13 priority=5 state=WAITING isdaemon=true
	sun.misc.Unsafe.park(Native Method)
	java.util.concurrent.locks.LockSupport.park(LockSupport.java:175)
	java.util.concurrent.locks.AbstractQueuedSynchronizer$ConditionObject.await(AbstractQueuedSynchronizer.java:2039)
	java.util.concurrent.LinkedBlockingQueue.take(LinkedBlockingQueue.java:442)
	java.util.concurrent.ThreadPoolExecutor.getTask(ThreadPoolExecutor.java:1067)
	java.util.concurrent.ThreadPoolExecutor.runWorker(ThreadPoolExecutor.java:1127)
	java.util.concurrent.ThreadPoolExecutor$Worker.run(ThreadPoolExecutor.java:617)
	com.sun.javafx.tk.quantum.QuantumRenderer$PipelineRunnable.run(QuantumRenderer.java:125)
	java.lang.Thread.run(Thread.java:745)

Thread name=Attach Listener id=5 priority=5 state=RUNNABLE isdaemon=true

Thread name=Signal Dispatcher id=4 priority=9 state=RUNNABLE isdaemon=true

Thread name=Monitor Ctrl-Break id=11 priority=5 state=RUNNABLE isdaemon=true
	java.net.DualStackPlainSocketImpl.accept0(Native Method)
	java.net.DualStackPlainSocketImpl.socketAccept(DualStackPlainSocketImpl.java:131)
	java.net.AbstractPlainSocketImpl.accept(AbstractPlainSocketImpl.java:409)
	java.net.PlainSocketImpl.accept(PlainSocketImpl.java:199)
	java.net.ServerSocket.implAccept(ServerSocket.java:545)
	java.net.ServerSocket.accept(ServerSocket.java:513)
	com.intellij.rt.execution.application.AppMain$1.run(AppMain.java:79)
	java.lang.Thread.run(Thread.java:745)

Thread name=Thread-2 id=15 priority=5 state=WAITING isdaemon=true
	java.lang.Object.wait(Native Method)
	java.lang.Object.wait(Object.java:502)
	com.sun.glass.ui.InvokeLaterDispatcher.run(InvokeLaterDispatcher.java:126)

Thread name=Reference Handler id=2 priority=10 state=WAITING isdaemon=true
	java.lang.Object.wait(Native Method)
	java.lang.Object.wait(Object.java:502)
	java.lang.ref.Reference.tryHandlePending(Reference.java:191)
	java.lang.ref.Reference$ReferenceHandler.run(Reference.java:153)

Thread name=main id=1 priority=5 state=WAITING isdaemon=false
	sun.misc.Unsafe.park(Native Method)
	java.util.concurrent.locks.LockSupport.park(LockSupport.java:175)
	java.util.concurrent.locks.AbstractQueuedSynchronizer.parkAndCheckInterrupt(AbstractQueuedSynchronizer.java:836)
	java.util.concurrent.locks.AbstractQueuedSynchronizer.doAcquireSharedInterruptibly(AbstractQueuedSynchronizer.java:997)
	java.util.concurrent.locks.AbstractQueuedSynchronizer.acquireSharedInterruptibly(AbstractQueuedSynchronizer.java:1304)
	java.util.concurrent.CountDownLatch.await(CountDownLatch.java:231)
	com.sun.javafx.application.LauncherImpl.launchApplication(LauncherImpl.java:200)
	com.sun.javafx.application.LauncherImpl.launchApplication(LauncherImpl.java:143)
	javafx.application.Application.launch(Application.java:252)
	com.slackers.inc.Boundary.Main.main(Main.java:27)
	sun.reflect.NativeMethodAccessorImpl.invoke0(Native Method)
	sun.reflect.NativeMethodAccessorImpl.invoke(NativeMethodAccessorImpl.java:62)
	sun.reflect.DelegatingMethodAccessorImpl.invoke(DelegatingMethodAccessorImpl.java:43)
	java.lang.reflect.Method.invoke(Method.java:498)
	com.intellij.rt.execution.application.AppMain.main(AppMain.java:147)

Thread name=Timer-0 id=21 priority=5 state=WAITING isdaemon=true
	java.lang.Object.wait(Native Method)
	java.lang.Object.wait(Object.java:502)
	java.util.TimerThread.mainLoop(Timer.java:526)
	java.util.TimerThread.run(Timer.java:505)

Thread name=Keep-Alive-Timer id=18 priority=8 state=TIMED_WAITING isdaemon=true
	java.lang.Thread.sleep(Native Method)
	sun.net.www.http.KeepAliveCache.run(KeepAliveCache.java:172)
	java.lang.Thread.run(Thread.java:745)

Thread name=Prism Font Disposer id=19 priority=10 state=WAITING isdaemon=true
	java.lang.Object.wait(Native Method)
	java.lang.ref.ReferenceQueue.remove(ReferenceQueue.java:143)
	java.lang.ref.ReferenceQueue.remove(ReferenceQueue.java:164)
	com.sun.javafx.font.Disposer.run(Disposer.java:93)
	java.lang.Thread.run(Thread.java:745)

Thread name=Thread-3 id=17 priority=5 state=RUNNABLE isdaemon=true

Thread name=JavaFX Application Thread id=16 priority=5 state=RUNNABLE isdaemon=false
	java.lang.Thread.dumpThreads(Native Method)
	java.lang.Thread.getAllStackTraces(Thread.java:1607)
	org.apache.derby.iapi.error.ThreadDump.getStackDumpString(Unknown Source)
	sun.reflect.NativeMethodAccessorImpl.invoke0(Native Method)
	sun.reflect.NativeMethodAccessorImpl.invoke(NativeMethodAccessorImpl.java:62)
	sun.reflect.DelegatingMethodAccessorImpl.invoke(DelegatingMethodAccessorImpl.java:43)
	java.lang.reflect.Method.invoke(Method.java:498)
	org.apache.derby.iapi.error.ExceptionUtil$1.run(Unknown Source)
	java.security.AccessController.doPrivileged(Native Method)
	org.apache.derby.iapi.error.ExceptionUtil.dumpThreads(Unknown Source)
	org.apache.derby.iapi.services.context.ContextManager.cleanupOnError(Unknown Source)
	org.apache.derby.impl.jdbc.TransactionResourceImpl.cleanupOnError(Unknown Source)
	org.apache.derby.impl.jdbc.TransactionResourceImpl.handleException(Unknown Source)
	org.apache.derby.impl.jdbc.EmbedConnection.handleException(Unknown Source)
	org.apache.derby.impl.jdbc.ConnectionChild.handleException(Unknown Source)
	org.apache.derby.impl.jdbc.EmbedPreparedStatement.<init>(Unknown Source)
	org.apache.derby.impl.jdbc.EmbedPreparedStatement42.<init>(Unknown Source)
	org.apache.derby.jdbc.Driver42.newEmbedPreparedStatement(Unknown Source)
	org.apache.derby.impl.jdbc.EmbedConnection.prepareStatement(Unknown Source)
	org.apache.derby.impl.jdbc.EmbedConnection.prepareStatement(Unknown Source)
	com.slackers.inc.database.DerbyConnection.getEntity(DerbyConnection.java:329)
	com.slackers.inc.Controllers.AccountController.verifyCredentials(AccountController.java:37)
	com.slackers.inc.Controllers.AccountController.loginUser(AccountController.java:48)
	com.slackers.inc.Boundary.BoundaryControllers.MainController.initialize(MainController.java:65)
	javafx.fxml.FXMLLoader.loadImpl(FXMLLoader.java:2548)
	javafx.fxml.FXMLLoader.loadImpl(FXMLLoader.java:2441)
	javafx.fxml.FXMLLoader.loadImpl(FXMLLoader.java:3214)
	javafx.fxml.FXMLLoader.loadImpl(FXMLLoader.java:3175)
	javafx.fxml.FXMLLoader.loadImpl(FXMLLoader.java:3148)
	javafx.fxml.FXMLLoader.loadImpl(FXMLLoader.java:3124)
	javafx.fxml.FXMLLoader.loadImpl(FXMLLoader.java:3104)
	javafx.fxml.FXMLLoader.load(FXMLLoader.java:3097)
	com.slackers.inc.Boundary.Main.start(Main.java:17)
	com.sun.javafx.application.LauncherImpl.lambda$launchApplication1$162(LauncherImpl.java:863)
	com.sun.javafx.application.LauncherImpl$$Lambda$54/1048292495.run(Unknown Source)
	com.sun.javafx.application.PlatformImpl.lambda$runAndWait$175(PlatformImpl.java:326)
	com.sun.javafx.application.PlatformImpl$$Lambda$50/1098716736.run(Unknown Source)
	com.sun.javafx.application.PlatformImpl.lambda$null$173(PlatformImpl.java:295)
	com.sun.javafx.application.PlatformImpl$$Lambda$52/182184588.run(Unknown Source)
	java.security.AccessController.doPrivileged(Native Method)
	com.sun.javafx.application.PlatformImpl.lambda$runLater$174(PlatformImpl.java:294)
	com.sun.javafx.application.PlatformImpl$$Lambda$51/457738394.run(Unknown Source)
	com.sun.glass.ui.InvokeLaterDispatcher$Future.run(InvokeLaterDispatcher.java:95)
	com.sun.glass.ui.win.WinApplication._runLoop(Native Method)
	com.sun.glass.ui.win.WinApplication.lambda$null$148(WinApplication.java:191)
	com.sun.glass.ui.win.WinApplication$$Lambda$40/1291666183.run(Unknown Source)
	java.lang.Thread.run(Thread.java:745)

Thread name=Finalizer id=3 priority=8 state=WAITING isdaemon=true
	java.lang.Object.wait(Native Method)
	java.lang.ref.ReferenceQueue.remove(ReferenceQueue.java:143)
	java.lang.ref.ReferenceQueue.remove(ReferenceQueue.java:164)
	java.lang.ref.Finalizer$FinalizerThread.run(Finalizer.java:209)

Thread name=JavaFX-Launcher id=12 priority=5 state=WAITING isdaemon=false
	sun.misc.Unsafe.park(Native Method)
	java.util.concurrent.locks.LockSupport.park(LockSupport.java:175)
	java.util.concurrent.locks.AbstractQueuedSynchronizer.parkAndCheckInterrupt(AbstractQueuedSynchronizer.java:836)
	java.util.concurrent.locks.AbstractQueuedSynchronizer.doAcquireSharedInterruptibly(AbstractQueuedSynchronizer.java:997)
	java.util.concurrent.locks.AbstractQueuedSynchronizer.acquireSharedInterruptibly(AbstractQueuedSynchronizer.java:1304)
	java.util.concurrent.CountDownLatch.await(CountDownLatch.java:231)
	com.sun.javafx.application.PlatformImpl.runAndWait(PlatformImpl.java:337)
	com.sun.javafx.application.PlatformImpl.runAndWait(PlatformImpl.java:307)
	com.sun.javafx.application.LauncherImpl.launchApplication1(LauncherImpl.java:856)
	com.sun.javafx.application.LauncherImpl.lambda$launchApplication$155(LauncherImpl.java:182)
	com.sun.javafx.application.LauncherImpl$$Lambda$2/189568618.run(Unknown Source)
	java.lang.Thread.run(Thread.java:745)


---------------

Cleanup action completed
